  소스.cpp
c:\users\jhlee\desktop\파일 폴더\파일 폴더\자료구조\새 폴더 (10)\project1\project1\소스.cpp(12): warning C4305: '인수': 'double'에서 'float'(으)로 잘립니다.
c:\users\jhlee\desktop\파일 폴더\파일 폴더\자료구조\새 폴더 (10)\project1\project1\소스.cpp(13): warning C4305: '인수': 'double'에서 'float'(으)로 잘립니다.
c:\users\jhlee\desktop\파일 폴더\파일 폴더\자료구조\새 폴더 (10)\project1\project1\heapsort.cpp(20): error C2676: 이항 '<=': 'ItemType'이(가) 이 연산자를 정의하지 않거나 미리 정의된 연산자에 허용되는 형식으로의 변환을 정의하지 않습니다.
          with
          [
              ItemType=Student
          ]
  c:\users\jhlee\desktop\파일 폴더\파일 폴더\자료구조\새 폴더 (10)\project1\project1\heapsort.cpp(57): note: 컴파일 중인 함수 템플릿 인스턴스화 'void ReheapDown<ItemType>(ItemType [],int,int)'에 대한 참조를 확인하십시오.
          with
          [
              ItemType=Student
          ]
  c:\users\jhlee\desktop\파일 폴더\파일 폴더\자료구조\새 폴더 (10)\project1\project1\소스.cpp(18): note: 컴파일 중인 함수 템플릿 인스턴스화 'void HeapSort<Student>(ItemType [],int)'에 대한 참조를 확인하십시오.
          with
          [
              ItemType=Student
          ]
c:\users\jhlee\desktop\파일 폴더\파일 폴더\자료구조\새 폴더 (10)\project1\project1\heapsort.cpp(25): error C2678: 이항 '<': 왼쪽 피연산자로 'ItemType' 형식을 사용하는 연산자가 없거나 허용되는 변환이 없습니다.
          with
          [
              ItemType=Student
          ]
  c:\program files (x86)\microsoft visual studio\2017\community\vc\tools\msvc\14.16.27023\include\system_error(319): note: 'bool std::operator <(const std::error_condition &,const std::error_condition &) noexcept'일 수 있습니다.
  c:\program files (x86)\microsoft visual studio\2017\community\vc\tools\msvc\14.16.27023\include\system_error(312): note: 또는       'bool std::operator <(const std::error_code &,const std::error_code &) noexcept'
  c:\users\jhlee\desktop\파일 폴더\파일 폴더\자료구조\새 폴더 (10)\project1\project1\heapsort.cpp(25): note: 인수 목록 '(ItemType, ItemType)'을(를) 일치시키는 동안
          with
          [
              ItemType=Student
          ]
